<?xml version="1.0" encoding="UTF-8"?>
<testsuite name="com.vertech.forest.web.controller.UserControllerTest" tests="4" skipped="0" failures="0" errors="0" timestamp="2023-11-18T22:01:16" hostname="MATEOVASCO" time="0.409">
  <properties/>
  <testcase name="testGetUsers()" classname="com.vertech.forest.web.controller.UserControllerTest" time="0.398"/>
  <testcase name="testLoginUnauthorized()" classname="com.vertech.forest.web.controller.UserControllerTest" time="0.003"/>
  <testcase name="testLoginAuthorized()" classname="com.vertech.forest.web.controller.UserControllerTest" time="0.002"/>
  <testcase name="testCreateUser()" classname="com.vertech.forest.web.controller.UserControllerTest" time="0.002"/>
  <system-out><![CDATA[]]></system-out>
  <system-err><![CDATA[]]></system-err>
</testsuite>
